c:\users\brendan ortiz\desktop\ua-stuff\fall23\cybv498capstone\capstoneproj\capstoneproj\x64\release\vc143.pdb
c:\users\brendan ortiz\desktop\ua-stuff\fall23\cybv498capstone\capstoneproj\capstoneproj\x64\release\stringterminateatchar.obj
c:\users\brendan ortiz\desktop\ua-stuff\fall23\cybv498capstone\capstoneproj\capstoneproj\x64\release\stringrandomizer.obj
c:\users\brendan ortiz\desktop\ua-stuff\fall23\cybv498capstone\capstoneproj\capstoneproj\x64\release\stringlower.obj
c:\users\brendan ortiz\desktop\ua-stuff\fall23\cybv498capstone\capstoneproj\capstoneproj\x64\release\stringlocatechar.obj
c:\users\brendan ortiz\desktop\ua-stuff\fall23\cybv498capstone\capstoneproj\capstoneproj\x64\release\stringlength.obj
c:\users\brendan ortiz\desktop\ua-stuff\fall23\cybv498capstone\capstoneproj\capstoneproj\x64\release\stringcopy.obj
c:\users\brendan ortiz\desktop\ua-stuff\fall23\cybv498capstone\capstoneproj\capstoneproj\x64\release\stringconcat.obj
c:\users\brendan ortiz\desktop\ua-stuff\fall23\cybv498capstone\capstoneproj\capstoneproj\x64\release\stringcompare.obj
c:\users\brendan ortiz\desktop\ua-stuff\fall23\cybv498capstone\capstoneproj\capstoneproj\x64\release\selfdelete.obj
c:\users\brendan ortiz\desktop\ua-stuff\fall23\cybv498capstone\capstoneproj\capstoneproj\x64\release\resolvefunctionsdynamically.obj
c:\users\brendan ortiz\desktop\ua-stuff\fall23\cybv498capstone\capstoneproj\capstoneproj\x64\release\rc4.obj
c:\users\brendan ortiz\desktop\ua-stuff\fall23\cybv498capstone\capstoneproj\capstoneproj\x64\release\randomintgenerator.obj
c:\users\brendan ortiz\desktop\ua-stuff\fall23\cybv498capstone\capstoneproj\capstoneproj\x64\release\memorymanipulation.obj
c:\users\brendan ortiz\desktop\ua-stuff\fall23\cybv498capstone\capstoneproj\capstoneproj\x64\release\main.obj
c:\users\brendan ortiz\desktop\ua-stuff\fall23\cybv498capstone\capstoneproj\capstoneproj\x64\release\hellshall.obj
c:\users\brendan ortiz\desktop\ua-stuff\fall23\cybv498capstone\capstoneproj\capstoneproj\x64\release\decrypt.obj
c:\users\brendan ortiz\desktop\ua-stuff\fall23\cybv498capstone\capstoneproj\capstoneproj\x64\release\common.obj
c:\users\brendan ortiz\desktop\ua-stuff\fall23\cybv498capstone\capstoneproj\capstoneproj\x64\release\charstringtowcharstring.obj
c:\users\brendan ortiz\desktop\ua-stuff\fall23\cybv498capstone\capstoneproj\capstoneproj\x64\release\apihashing.obj
c:\users\brendan ortiz\desktop\ua-stuff\fall23\cybv498capstone\capstoneproj\capstoneproj\x64\release\aes.obj
c:\users\brendan ortiz\desktop\ua-stuff\fall23\cybv498capstone\capstoneproj\capstoneproj\x64\release\wcharstringtocharstring.obj
c:\users\brendan ortiz\desktop\ua-stuff\fall23\cybv498capstone\capstoneproj\capstoneproj\x64\release\unhooking.obj
c:\users\brendan ortiz\desktop\ua-stuff\fall23\cybv498capstone\capstoneproj\capstoneproj\x64\release\executepayload.obj
c:\users\brendan ortiz\desktop\ua-stuff\fall23\cybv498capstone\capstoneproj\x64\release\capstoneproj.exe
c:\users\brendan ortiz\desktop\ua-stuff\fall23\cybv498capstone\capstoneproj\capstoneproj\x64\release\hellsasm.obj
c:\users\brendan ortiz\desktop\ua-stuff\fall23\cybv498capstone\capstoneproj\capstoneproj\x64\release\capstoneproj.tlog\cl.command.1.tlog
c:\users\brendan ortiz\desktop\ua-stuff\fall23\cybv498capstone\capstoneproj\capstoneproj\x64\release\capstoneproj.tlog\cl.items.tlog
c:\users\brendan ortiz\desktop\ua-stuff\fall23\cybv498capstone\capstoneproj\capstoneproj\x64\release\capstoneproj.tlog\cl.read.1.tlog
c:\users\brendan ortiz\desktop\ua-stuff\fall23\cybv498capstone\capstoneproj\capstoneproj\x64\release\capstoneproj.tlog\cl.write.1.tlog
c:\users\brendan ortiz\desktop\ua-stuff\fall23\cybv498capstone\capstoneproj\capstoneproj\x64\release\capstoneproj.tlog\link.command.1.tlog
c:\users\brendan ortiz\desktop\ua-stuff\fall23\cybv498capstone\capstoneproj\capstoneproj\x64\release\capstoneproj.tlog\link.read.1.tlog
c:\users\brendan ortiz\desktop\ua-stuff\fall23\cybv498capstone\capstoneproj\capstoneproj\x64\release\capstoneproj.tlog\link.write.1.tlog
c:\users\brendan ortiz\desktop\ua-stuff\fall23\cybv498capstone\capstoneproj\capstoneproj\x64\release\capstoneproj.tlog\masm.read.1u.tlog
c:\users\brendan ortiz\desktop\ua-stuff\fall23\cybv498capstone\capstoneproj\capstoneproj\x64\release\capstoneproj.tlog\masm.write.1u.tlog
