c:\users\brendan ortiz\desktop\ua-stuff\fall23\cybv498capstone\capstoneproj\capstoneproj\x64\debug\vc143.pdb
c:\users\brendan ortiz\desktop\ua-stuff\fall23\cybv498capstone\capstoneproj\capstoneproj\x64\debug\vc143.idb
c:\users\brendan ortiz\desktop\ua-stuff\fall23\cybv498capstone\capstoneproj\capstoneproj\x64\debug\stringterminateatchar.obj
c:\users\brendan ortiz\desktop\ua-stuff\fall23\cybv498capstone\capstoneproj\capstoneproj\x64\debug\stringlower.obj
c:\users\brendan ortiz\desktop\ua-stuff\fall23\cybv498capstone\capstoneproj\capstoneproj\x64\debug\stringlength.obj
c:\users\brendan ortiz\desktop\ua-stuff\fall23\cybv498capstone\capstoneproj\capstoneproj\x64\debug\stringcopy.obj
c:\users\brendan ortiz\desktop\ua-stuff\fall23\cybv498capstone\capstoneproj\capstoneproj\x64\debug\stringconcat.obj
c:\users\brendan ortiz\desktop\ua-stuff\fall23\cybv498capstone\capstoneproj\capstoneproj\x64\debug\stringcompare.obj
c:\users\brendan ortiz\desktop\ua-stuff\fall23\cybv498capstone\capstoneproj\capstoneproj\x64\debug\selfdelete.obj
c:\users\brendan ortiz\desktop\ua-stuff\fall23\cybv498capstone\capstoneproj\capstoneproj\x64\debug\resolvefunctionsdynamically.obj
c:\users\brendan ortiz\desktop\ua-stuff\fall23\cybv498capstone\capstoneproj\capstoneproj\x64\debug\memorymanipulation.obj
c:\users\brendan ortiz\desktop\ua-stuff\fall23\cybv498capstone\capstoneproj\capstoneproj\x64\debug\main.obj
c:\users\brendan ortiz\desktop\ua-stuff\fall23\cybv498capstone\capstoneproj\capstoneproj\x64\debug\hellshall.obj
c:\users\brendan ortiz\desktop\ua-stuff\fall23\cybv498capstone\capstoneproj\capstoneproj\x64\debug\decrypt.obj
c:\users\brendan ortiz\desktop\ua-stuff\fall23\cybv498capstone\capstoneproj\capstoneproj\x64\debug\apihashing.obj
c:\users\brendan ortiz\desktop\ua-stuff\fall23\cybv498capstone\capstoneproj\capstoneproj\x64\debug\aes.obj
c:\users\brendan ortiz\desktop\ua-stuff\fall23\cybv498capstone\capstoneproj\capstoneproj\x64\debug\unhooking.obj
c:\users\brendan ortiz\desktop\ua-stuff\fall23\cybv498capstone\capstoneproj\capstoneproj\x64\debug\executepayload.obj
c:\users\brendan ortiz\desktop\ua-stuff\fall23\cybv498capstone\capstoneproj\capstoneproj\x64\debug\capstoneproj.ilk
c:\users\brendan ortiz\desktop\ua-stuff\fall23\cybv498capstone\capstoneproj\x64\debug\capstoneproj.exe
c:\users\brendan ortiz\desktop\ua-stuff\fall23\cybv498capstone\capstoneproj\x64\debug\capstoneproj.pdb
c:\users\brendan ortiz\desktop\ua-stuff\fall23\cybv498capstone\capstoneproj\capstoneproj\x64\debug\hellsasm.obj
c:\users\brendan ortiz\desktop\ua-stuff\fall23\cybv498capstone\capstoneproj\capstoneproj\x64\debug\capstoneproj.tlog\cl.command.1.tlog
c:\users\brendan ortiz\desktop\ua-stuff\fall23\cybv498capstone\capstoneproj\capstoneproj\x64\debug\capstoneproj.tlog\cl.items.tlog
c:\users\brendan ortiz\desktop\ua-stuff\fall23\cybv498capstone\capstoneproj\capstoneproj\x64\debug\capstoneproj.tlog\cl.read.1.tlog
c:\users\brendan ortiz\desktop\ua-stuff\fall23\cybv498capstone\capstoneproj\capstoneproj\x64\debug\capstoneproj.tlog\cl.write.1.tlog
c:\users\brendan ortiz\desktop\ua-stuff\fall23\cybv498capstone\capstoneproj\capstoneproj\x64\debug\capstoneproj.tlog\link.command.1.tlog
c:\users\brendan ortiz\desktop\ua-stuff\fall23\cybv498capstone\capstoneproj\capstoneproj\x64\debug\capstoneproj.tlog\link.read.1.tlog
c:\users\brendan ortiz\desktop\ua-stuff\fall23\cybv498capstone\capstoneproj\capstoneproj\x64\debug\capstoneproj.tlog\link.write.1.tlog
c:\users\brendan ortiz\desktop\ua-stuff\fall23\cybv498capstone\capstoneproj\capstoneproj\x64\debug\capstoneproj.tlog\masm.read.1u.tlog
c:\users\brendan ortiz\desktop\ua-stuff\fall23\cybv498capstone\capstoneproj\capstoneproj\x64\debug\capstoneproj.tlog\masm.write.1u.tlog
